# JRE version: Java(TM) SE Runtime Environment (8.0_05-b13) (build 1.8.0_05-b13)
# Java VM: Java HotSpot(TM) 64-Bit Server VM (25.5-b02 mixed mode linux-amd64 compressed oops)
Heap:
 PSYoungGen      total 14848K, used 3891K [0x000000076d100000, 0x000000076e200000, 0x00000007c0000000)
  eden space 12288K, 15% used [0x000000076d100000,0x000000076d2d4f48,0x000000076dd00000)
  from space 2560K, 78% used [0x000000076df80000,0x000000076e178018,0x000000076e200000)
  to   space 2560K, 0% used [0x000000076dd00000,0x000000076dd00000,0x000000076df80000)
 ParOldGen       total 254464K, used 14071K [0x00000006c7200000, 0x00000006d6a80000, 0x000000076d100000)
  object space 254464K, 5% used [0x00000006c7200000,0x00000006c7fbdd58,0x00000006d6a80000)
 Metaspace       used 14863K, capacity 15078K, committed 15360K, reserved 1062912K
  class space    used 2227K, capacity 2268K, committed 2304K, reserved 1048576K
GC Heap History (10 events):
Event: 0.754 GC heap before
{Heap before GC invocations=6 (full 0):
 PSYoungGen      total 2560K, used 2560K [0x000000076d100000, 0x000000076d700000, 0x00000007c0000000)
  eden space 2048K, 100% used [0x000000076d100000,0x000000076d300000,0x000000076d300000)
  from space 512K, 100% used [0x000000076d300000,0x000000076d380000,0x000000076d380000)
  to   space 1024K, 0% used [0x000000076d600000,0x000000076d600000,0x000000076d700000)
 ParOldGen       total 254464K, used 746K [0x00000006c7200000, 0x00000006d6a80000, 0x000000076d100000)
  object space 254464K, 0% used [0x00000006c7200000,0x00000006c72baaa8,0x00000006d6a80000)
 Metaspace       used 7310K, capacity 7482K, committed 7680K, reserved 1056768K
  class space    used 868K, capacity 914K, committed 1024K, reserved 1048576K
Event: 0.755 GC heap after
Heap after GC invocations=6 (full 0):
 PSYoungGen      total 5120K, used 976K [0x000000076d100000, 0x000000076d700000, 0x00000007c0000000)
  eden space 4096K, 0% used [0x000000076d100000,0x000000076d100000,0x000000076d500000)
  from space 1024K, 95% used [0x000000076d600000,0x000000076d6f4020,0x000000076d700000)
  to   space 1024K, 0% used [0x000000076d500000,0x000000076d500000,0x000000076d600000)
 ParOldGen       total 254464K, used 754K [0x00000006c7200000, 0x00000006d6a80000, 0x000000076d100000)
  object space 254464K, 0% used [0x00000006c7200000,0x00000006c72bcaa8,0x00000006d6a80000)
 Metaspace       used 7310K, capacity 7482K, committed 7680K, reserved 1056768K
  class space    used 868K, capacity 914K, committed 1024K, reserved 1048576K
}
Event: 0.821 GC heap before
{Heap before GC invocations=7 (full 0):
 PSYoungGen      total 5120K, used 4960K [0x000000076d100000, 0x000000076d700000, 0x00000007c0000000)
  eden space 4096K, 97% used [0x000000076d100000,0x000000076d4e4150,0x000000076d500000)
  from space 1024K, 95% used [0x000000076d600000,0x000000076d6f4020,0x000000076d700000)
  to   space 1024K, 0% used [0x000000076d500000,0x000000076d500000,0x000000076d600000)
 ParOldGen       total 254464K, used 754K [0x00000006c7200000, 0x00000006d6a80000, 0x000000076d100000)
  object space 254464K, 0% used [0x00000006c7200000,0x00000006c72bcaa8,0x00000006d6a80000)
 Metaspace       used 8794K, capacity 8960K, committed 9088K, reserved 1056768K
  class space    used 1095K, capacity 1108K, committed 1152K, reserved 1048576K
Event: 0.823 GC heap after
Heap after GC invocations=7 (full 0):
 PSYoungGen      total 5120K, used 1008K [0x000000076d100000, 0x000000076dc00000, 0x00000007c0000000)
  eden space 4096K, 0% used [0x000000076d100000,0x000000076d100000,0x000000076d500000)
  from space 1024K, 98% used [0x000000076d500000,0x000000076d5fc010,0x000000076d600000)
  to   space 1536K, 0% used [0x000000076da80000,0x000000076da80000,0x000000076dc00000)
 ParOldGen       total 254464K, used 1322K [0x00000006c7200000, 0x00000006d6a80000, 0x000000076d100000)
  object space 254464K, 0% used [0x00000006c7200000,0x00000006c734ab08,0x00000006d6a80000)
 Metaspace       used 8794K, capacity 8960K, committed 9088K, reserved 1056768K
  class space    used 1095K, capacity 1108K, committed 1152K, reserved 1048576K
}
Event: 0.887 GC heap before
{Heap before GC invocations=8 (full 0):
 PSYoungGen      total 5120K, used 5104K [0x000000076d100000, 0x000000076dc00000, 0x00000007c0000000)
  eden space 4096K, 100% used [0x000000076d100000,0x000000076d500000,0x000000076d500000)
  from space 1024K, 98% used [0x000000076d500000,0x000000076d5fc010,0x000000076d600000)
  to   space 1536K, 0% used [0x000000076da80000,0x000000076da80000,0x000000076dc00000)
 ParOldGen       total 254464K, used 1322K [0x00000006c7200000, 0x00000006d6a80000, 0x000000076d100000)
  object space 254464K, 0% used [0x00000006c7200000,0x00000006c734ab08,0x00000006d6a80000)
 Metaspace       used 9838K, capacity 9992K, committed 10368K, reserved 1058816K
  class space    used 1285K, capacity 1303K, committed 1408K, reserved 1048576K
Event: 0.889 GC heap after
Heap after GC invocations=8 (full 0):
 PSYoungGen      total 9216K, used 1504K [0x000000076d100000, 0x000000076dd00000, 0x00000007c0000000)
  eden space 7680K, 0% used [0x000000076d100000,0x000000076d100000,0x000000076d880000)
  from space 1536K, 97% used [0x000000076da80000,0x000000076dbf8000,0x000000076dc00000)
  to   space 2048K, 0% used [0x000000076d880000,0x000000076d880000,0x000000076da80000)
 ParOldGen       total 254464K, used 1538K [0x00000006c7200000, 0x00000006d6a80000, 0x000000076d100000)
  object space 254464K, 0% used [0x00000006c7200000,0x00000006c7380b08,0x00000006d6a80000)
 Metaspace       used 9838K, capacity 9992K, committed 10368K, reserved 1058816K
  class space    used 1285K, capacity 1303K, committed 1408K, reserved 1048576K
}
Event: 1.199 GC heap before
{Heap before GC invocations=9 (full 0):
 PSYoungGen      total 9216K, used 9184K [0x000000076d100000, 0x000000076dd00000, 0x00000007c0000000)
  eden space 7680K, 100% used [0x000000076d100000,0x000000076d880000,0x000000076d880000)
  from space 1536K, 97% used [0x000000076da80000,0x000000076dbf8000,0x000000076dc00000)
  to   space 2048K, 0% used [0x000000076d880000,0x000000076d880000,0x000000076da80000)
 ParOldGen       total 254464K, used 1538K [0x00000006c7200000, 0x00000006d6a80000, 0x000000076d100000)
  object space 254464K, 0% used [0x00000006c7200000,0x00000006c7380b08,0x00000006d6a80000)
 Metaspace       used 12203K, capacity 12390K, committed 12544K, reserved 1060864K
  class space    used 1711K, capacity 1756K, committed 1792K, reserved 1048576K
Event: 1.202 GC heap after
Heap after GC invocations=9 (full 0):
 PSYoungGen      total 9728K, used 2048K [0x000000076d100000, 0x000000076e200000, 0x00000007c0000000)
  eden space 7680K, 0% used [0x000000076d100000,0x000000076d100000,0x000000076d880000)
  from space 2048K, 100% used [0x000000076d880000,0x000000076da80000,0x000000076da80000)
  to   space 2560K, 0% used [0x000000076df80000,0x000000076df80000,0x000000076e200000)
 ParOldGen       total 254464K, used 1978K [0x00000006c7200000, 0x00000006d6a80000, 0x000000076d100000)
  object space 254464K, 0% used [0x00000006c7200000,0x00000006c73eeb18,0x00000006d6a80000)
 Metaspace       used 12203K, capacity 12390K, committed 12544K, reserved 1060864K
  class space    used 1711K, capacity 1756K, committed 1792K, reserved 1048576K
}
Event: 1.433 GC heap before
{Heap before GC invocations=10 (full 0):
 PSYoungGen      total 9728K, used 9728K [0x000000076d100000, 0x000000076e200000, 0x00000007c0000000)
  eden space 7680K, 100% used [0x000000076d100000,0x000000076d880000,0x000000076d880000)
  from space 2048K, 100% used [0x000000076d880000,0x000000076da80000,0x000000076da80000)
  to   space 2560K, 0% used [0x000000076df80000,0x000000076df80000,0x000000076e200000)
 ParOldGen       total 254464K, used 10170K [0x00000006c7200000, 0x00000006d6a80000, 0x000000076d100000)
  object space 254464K, 3% used [0x00000006c7200000,0x00000006c7beeb28,0x00000006d6a80000)
 Metaspace       used 14762K, capacity 15014K, committed 15104K, reserved 1062912K
  class space    used 2218K, capacity 2268K, committed 2304K, reserved 1048576K
Event: 1.438 GC heap after
Heap after GC invocations=10 (full 0):
 PSYoungGen      total 14848K, used 2016K [0x000000076d100000, 0x000000076e200000, 0x00000007c0000000)
  eden space 12288K, 0% used [0x000000076d100000,0x000000076d100000,0x000000076dd00000)
  from space 2560K, 78% used [0x000000076df80000,0x000000076e178018,0x000000076e200000)
  to   space 2560K, 0% used [0x000000076dd00000,0x000000076dd00000,0x000000076df80000)
 ParOldGen       total 254464K, used 14071K [0x00000006c7200000, 0x00000006d6a80000, 0x000000076d100000)
  object space 254464K, 5% used [0x00000006c7200000,0x00000006c7fbdd58,0x00000006d6a80000)
 Metaspace       used 14762K, capacity 15014K, committed 15104K, reserved 1062912K
  class space    used 2218K, capacity 2268K, committed 2304K, reserved 1048576K
}

