# JRE version: Java(TM) SE Runtime Environment (8.0_05-b13) (build 1.8.0_05-b13)
# Java VM: Java HotSpot(TM) 64-Bit Server VM (25.5-b02 mixed mode linux-amd64 compressed oops)
Heap:
 PSYoungGen      total 18432K, used 12533K [0x000000076d100000, 0x000000076e600000, 0x00000007c0000000)
  eden space 16384K, 72% used [0x000000076d100000,0x000000076dc91040,0x000000076e100000)
  from space 2048K, 33% used [0x000000076e400000,0x000000076e4ac4b8,0x000000076e600000)
  to   space 2560K, 0% used [0x000000076e100000,0x000000076e100000,0x000000076e380000)
 ParOldGen       total 254464K, used 17223K [0x00000006c7200000, 0x00000006d6a80000, 0x000000076d100000)
  object space 254464K, 6% used [0x00000006c7200000,0x00000006c82d1c40,0x00000006d6a80000)
 Metaspace       used 17382K, capacity 17538K, committed 17792K, reserved 1064960K
  class space    used 2522K, capacity 2582K, committed 2688K, reserved 1048576K
GC Heap History (10 events):
Event: 0.515 GC heap before
{Heap before GC invocations=8 (full 0):
 PSYoungGen      total 5120K, used 4760K [0x000000076d100000, 0x000000076db00000, 0x00000007c0000000)
  eden space 3584K, 100% used [0x000000076d100000,0x000000076d480000,0x000000076d480000)
  from space 1536K, 76% used [0x000000076d480000,0x000000076d5a6030,0x000000076d600000)
  to   space 1536K, 0% used [0x000000076d980000,0x000000076d980000,0x000000076db00000)
 ParOldGen       total 254464K, used 1017K [0x00000006c7200000, 0x00000006d6a80000, 0x000000076d100000)
  object space 254464K, 0% used [0x00000006c7200000,0x00000006c72fe408,0x00000006d6a80000)
 Metaspace       used 9823K, capacity 9980K, committed 10368K, reserved 1058816K
  class space    used 1285K, capacity 1303K, committed 1408K, reserved 1048576K
Event: 0.517 GC heap after
Heap after GC invocations=8 (full 0):
 PSYoungGen      total 8192K, used 1520K [0x000000076d100000, 0x000000076dc00000, 0x00000007c0000000)
  eden space 6656K, 0% used [0x000000076d100000,0x000000076d100000,0x000000076d780000)
  from space 1536K, 98% used [0x000000076d980000,0x000000076dafc010,0x000000076db00000)
  to   space 2048K, 0% used [0x000000076d780000,0x000000076d780000,0x000000076d980000)
 ParOldGen       total 254464K, used 1425K [0x00000006c7200000, 0x00000006d6a80000, 0x000000076d100000)
  object space 254464K, 0% used [0x00000006c7200000,0x00000006c7364418,0x00000006d6a80000)
 Metaspace       used 9823K, capacity 9980K, committed 10368K, reserved 1058816K
  class space    used 1285K, capacity 1303K, committed 1408K, reserved 1048576K
}
Event: 0.647 GC heap before
{Heap before GC invocations=9 (full 0):
 PSYoungGen      total 8192K, used 8176K [0x000000076d100000, 0x000000076dc00000, 0x00000007c0000000)
  eden space 6656K, 100% used [0x000000076d100000,0x000000076d780000,0x000000076d780000)
  from space 1536K, 98% used [0x000000076d980000,0x000000076dafc010,0x000000076db00000)
  to   space 2048K, 0% used [0x000000076d780000,0x000000076d780000,0x000000076d980000)
 ParOldGen       total 254464K, used 1425K [0x00000006c7200000, 0x00000006d6a80000, 0x000000076d100000)
  object space 254464K, 0% used [0x00000006c7200000,0x00000006c7364418,0x00000006d6a80000)
 Metaspace       used 11544K, capacity 11738K, committed 11904K, reserved 1058816K
  class space    used 1587K, capacity 1628K, committed 1664K, reserved 1048576K
Event: 0.648 GC heap after
Heap after GC invocations=9 (full 0):
 PSYoungGen      total 8704K, used 1984K [0x000000076d100000, 0x000000076df80000, 0x00000007c0000000)
  eden space 6656K, 0% used [0x000000076d100000,0x000000076d100000,0x000000076d780000)
  from space 2048K, 96% used [0x000000076d780000,0x000000076d970000,0x000000076d980000)
  to   space 2048K, 0% used [0x000000076dd80000,0x000000076dd80000,0x000000076df80000)
 ParOldGen       total 254464K, used 1726K [0x00000006c7200000, 0x00000006d6a80000, 0x000000076d100000)
  object space 254464K, 0% used [0x00000006c7200000,0x00000006c73af878,0x00000006d6a80000)
 Metaspace       used 11544K, capacity 11738K, committed 11904K, reserved 1058816K
  class space    used 1587K, capacity 1628K, committed 1664K, reserved 1048576K
}
Event: 0.804 GC heap before
{Heap before GC invocations=10 (full 0):
 PSYoungGen      total 8704K, used 8640K [0x000000076d100000, 0x000000076df80000, 0x00000007c0000000)
  eden space 6656K, 100% used [0x000000076d100000,0x000000076d780000,0x000000076d780000)
  from space 2048K, 96% used [0x000000076d780000,0x000000076d970000,0x000000076d980000)
  to   space 2048K, 0% used [0x000000076dd80000,0x000000076dd80000,0x000000076df80000)
 ParOldGen       total 254464K, used 1726K [0x00000006c7200000, 0x00000006d6a80000, 0x000000076d100000)
  object space 254464K, 0% used [0x00000006c7200000,0x00000006c73af878,0x00000006d6a80000)
 Metaspace       used 13763K, capacity 13946K, committed 14208K, reserved 1060864K
  class space    used 2062K, capacity 2108K, committed 2176K, reserved 1048576K
Event: 0.807 GC heap after
Heap after GC invocations=10 (full 0):
 PSYoungGen      total 12288K, used 1872K [0x000000076d100000, 0x000000076e080000, 0x00000007c0000000)
  eden space 10240K, 0% used [0x000000076d100000,0x000000076d100000,0x000000076db00000)
  from space 2048K, 91% used [0x000000076dd80000,0x000000076df54010,0x000000076df80000)
  to   space 2560K, 0% used [0x000000076db00000,0x000000076db00000,0x000000076dd80000)
 ParOldGen       total 254464K, used 2958K [0x00000006c7200000, 0x00000006d6a80000, 0x000000076d100000)
  object space 254464K, 1% used [0x00000006c7200000,0x00000006c74e3878,0x00000006d6a80000)
 Metaspace       used 13763K, capacity 13946K, committed 14208K, reserved 1060864K
  class space    used 2062K, capacity 2108K, committed 2176K, reserved 1048576K
}
Event: 31.537 GC heap before
{Heap before GC invocations=11 (full 0):
 PSYoungGen      total 12288K, used 12112K [0x000000076d100000, 0x000000076e080000, 0x00000007c0000000)
  eden space 10240K, 100% used [0x000000076d100000,0x000000076db00000,0x000000076db00000)
  from space 2048K, 91% used [0x000000076dd80000,0x000000076df54010,0x000000076df80000)
  to   space 2560K, 0% used [0x000000076db00000,0x000000076db00000,0x000000076dd80000)
 ParOldGen       total 254464K, used 11150K [0x00000006c7200000, 0x00000006d6a80000, 0x000000076d100000)
  object space 254464K, 4% used [0x00000006c7200000,0x00000006c7ce3888,0x00000006d6a80000)
 Metaspace       used 16105K, capacity 16356K, committed 16512K, reserved 1062912K
  class space    used 2314K, capacity 2401K, committed 2432K, reserved 1048576K
Event: 31.540 GC heap after
Heap after GC invocations=11 (full 0):
 PSYoungGen      total 12800K, used 2282K [0x000000076d100000, 0x000000076e700000, 0x00000007c0000000)
  eden space 10240K, 0% used [0x000000076d100000,0x000000076d100000,0x000000076db00000)
  from space 2560K, 89% used [0x000000076db00000,0x000000076dd3a9c8,0x000000076dd80000)
  to   space 3072K, 0% used [0x000000076e400000,0x000000076e400000,0x000000076e700000)
 ParOldGen       total 254464K, used 13793K [0x00000006c7200000, 0x00000006d6a80000, 0x000000076d100000)
  object space 254464K, 5% used [0x00000006c7200000,0x00000006c7f78548,0x00000006d6a80000)
 Metaspace       used 16105K, capacity 16356K, committed 16512K, reserved 1062912K
  class space    used 2314K, capacity 2401K, committed 2432K, reserved 1048576K
}
Event: 31.620 GC heap before
{Heap before GC invocations=12 (full 0):
 PSYoungGen      total 12800K, used 12522K [0x000000076d100000, 0x000000076e700000, 0x00000007c0000000)
  eden space 10240K, 100% used [0x000000076d100000,0x000000076db00000,0x000000076db00000)
  from space 2560K, 89% used [0x000000076db00000,0x000000076dd3a9c8,0x000000076dd80000)
  to   space 3072K, 0% used [0x000000076e400000,0x000000076e400000,0x000000076e700000)
 ParOldGen       total 254464K, used 13793K [0x00000006c7200000, 0x00000006d6a80000, 0x000000076d100000)
  object space 254464K, 5% used [0x00000006c7200000,0x00000006c7f78548,0x00000006d6a80000)
 Metaspace       used 16513K, capacity 16770K, committed 16896K, reserved 1062912K
  class space    used 2380K, capacity 2454K, committed 2560K, reserved 1048576K
Event: 31.622 GC heap after
Heap after GC invocations=12 (full 0):
 PSYoungGen      total 18432K, used 689K [0x000000076d100000, 0x000000076e600000, 0x00000007c0000000)
  eden space 16384K, 0% used [0x000000076d100000,0x000000076d100000,0x000000076e100000)
  from space 2048K, 33% used [0x000000076e400000,0x000000076e4ac4b8,0x000000076e600000)
  to   space 2560K, 0% used [0x000000076e100000,0x000000076e100000,0x000000076e380000)
 ParOldGen       total 254464K, used 17223K [0x00000006c7200000, 0x00000006d6a80000, 0x000000076d100000)
  object space 254464K, 6% used [0x00000006c7200000,0x00000006c82d1c40,0x00000006d6a80000)
 Metaspace       used 16513K, capacity 16770K, committed 16896K, reserved 1062912K
  class space    used 2380K, capacity 2454K, committed 2560K, reserved 1048576K
}

